# JRE version: Java(TM) SE Runtime Environment (8.0_25-b18) (build 1.8.0_25-b18)
# Java VM: Java HotSpot(TM) Client VM (25.25-b02 mixed mode windows-x86 )
Heap:
 def new generation   total 249536K, used 238995K [0x04600000, 0x154c0000, 0x23a00000)
  eden space 221824K,  95% used [0x04600000, 0x11454e08, 0x11ea0000)
  from space 27712K, 100% used [0x139b0000, 0x154c0000, 0x154c0000)
  to   space 27712K,   0% used [0x11ea0000, 0x11ea0000, 0x139b0000)
 tenured generation   total 554396K, used 328793K [0x23a00000, 0x45767000, 0x62200000)
   the space 554396K,  59% used [0x23a00000, 0x37b165a0, 0x37b16600, 0x45767000)
 Metaspace       used 16652K, capacity 16850K, committed 17024K, reserved 17792K
GC Heap History (10 events):
Event: 228.546 GC heap before
{Heap before GC invocations=10 (full 2):
 def new generation   total 249536K, used 221824K [0x04600000, 0x154c0000, 0x23a00000)
  eden space 221824K, 100% used [0x04600000, 0x11ea0000, 0x11ea0000)
  from space 27712K,   0% used [0x11ea0000, 0x11ea0000, 0x139b0000)
  to   space 27712K,   0% used [0x139b0000, 0x139b0000, 0x154c0000)
 tenured generation   total 554396K, used 332636K [0x23a00000, 0x45767000, 0x62200000)
   the space 554396K,  59% used [0x23a00000, 0x37ed7348, 0x37ed7400, 0x45767000)
 Metaspace       used 16624K, capacity 16813K, committed 17024K, reserved 17792K
Event: 228.701 GC heap after
Heap after GC invocations=11 (full 2):
 def new generation   total 249536K, used 27712K [0x04600000, 0x154c0000, 0x23a00000)
  eden space 221824K,   0% used [0x04600000, 0x04600000, 0x11ea0000)
  from space 27712K, 100% used [0x139b0000, 0x154c0000, 0x154c0000)
  to   space 27712K,   0% used [0x11ea0000, 0x11ea0000, 0x139b0000)
 tenured generation   total 554396K, used 352538K [0x23a00000, 0x45767000, 0x62200000)
   the space 554396K,  63% used [0x23a00000, 0x39246af8, 0x39246c00, 0x45767000)
 Metaspace       used 16624K, capacity 16813K, committed 17024K, reserved 17792K
}
Event: 229.818 GC heap before
{Heap before GC invocations=11 (full 2):
 def new generation   total 249536K, used 249536K [0x04600000, 0x154c0000, 0x23a00000)
  eden space 221824K, 100% used [0x04600000, 0x11ea0000, 0x11ea0000)
  from space 27712K, 100% used [0x139b0000, 0x154c0000, 0x154c0000)
  to   space 27712K,   0% used [0x11ea0000, 0x11ea0000, 0x139b0000)
 tenured generation   total 554396K, used 352538K [0x23a00000, 0x45767000, 0x62200000)
   the space 554396K,  63% used [0x23a00000, 0x39246af8, 0x39246c00, 0x45767000)
 Metaspace       used 16624K, capacity 16813K, committed 17024K, reserved 17792K
Event: 230.173 GC heap after
Heap after GC invocations=12 (full 2):
 def new generation   total 249536K, used 27712K [0x04600000, 0x154c0000, 0x23a00000)
  eden space 221824K,   0% used [0x04600000, 0x04600000, 0x11ea0000)
  from space 27712K, 100% used [0x11ea0000, 0x139b0000, 0x139b0000)
  to   space 27712K,   0% used [0x139b0000, 0x139b0000, 0x154c0000)
 tenured generation   total 554396K, used 428420K [0x23a00000, 0x45767000, 0x62200000)
   the space 554396K,  77% used [0x23a00000, 0x3dc612d8, 0x3dc61400, 0x45767000)
 Metaspace       used 16624K, capacity 16813K, committed 17024K, reserved 17792K
}
Event: 231.272 GC heap before
{Heap before GC invocations=12 (full 2):
 def new generation   total 249536K, used 249536K [0x04600000, 0x154c0000, 0x23a00000)
  eden space 221824K, 100% used [0x04600000, 0x11ea0000, 0x11ea0000)
  from space 27712K, 100% used [0x11ea0000, 0x139b0000, 0x139b0000)
  to   space 27712K,   0% used [0x139b0000, 0x139b0000, 0x154c0000)
 tenured generation   total 554396K, used 428420K [0x23a00000, 0x45767000, 0x62200000)
   the space 554396K,  77% used [0x23a00000, 0x3dc612d8, 0x3dc61400, 0x45767000)
 Metaspace       used 16624K, capacity 16813K, committed 17024K, reserved 17792K
Event: 231.568 GC heap after
Heap after GC invocations=13 (full 2):
 def new generation   total 249536K, used 27712K [0x04600000, 0x154c0000, 0x23a00000)
  eden space 221824K,   0% used [0x04600000, 0x04600000, 0x11ea0000)
  from space 27712K, 100% used [0x139b0000, 0x154c0000, 0x154c0000)
  to   space 27712K,   0% used [0x11ea0000, 0x11ea0000, 0x139b0000)
 tenured generation   total 554396K, used 491760K [0x23a00000, 0x45767000, 0x62200000)
   the space 554396K,  88% used [0x23a00000, 0x41a3c0d0, 0x41a3c200, 0x45767000)
 Metaspace       used 16624K, capacity 16813K, committed 17024K, reserved 17792K
}
Event: 232.597 GC heap before
{Heap before GC invocations=13 (full 2):
 def new generation   total 249536K, used 249536K [0x04600000, 0x154c0000, 0x23a00000)
  eden space 221824K, 100% used [0x04600000, 0x11ea0000, 0x11ea0000)
  from space 27712K, 100% used [0x139b0000, 0x154c0000, 0x154c0000)
  to   space 27712K,   0% used [0x11ea0000, 0x11ea0000, 0x139b0000)
 tenured generation   total 554396K, used 491760K [0x23a00000, 0x45767000, 0x62200000)
   the space 554396K,  88% used [0x23a00000, 0x41a3c0d0, 0x41a3c200, 0x45767000)
 Metaspace       used 16624K, capacity 16813K, committed 17024K, reserved 17792K
Event: 233.894 GC heap after
Heap after GC invocations=14 (full 3):
 def new generation   total 249536K, used 0K [0x04600000, 0x154c0000, 0x23a00000)
  eden space 221824K,   0% used [0x04600000, 0x04600000, 0x11ea0000)
  from space 27712K,   0% used [0x11ea0000, 0x11ea0000, 0x139b0000)
  to   space 27712K,   0% used [0x139b0000, 0x139b0000, 0x154c0000)
 tenured generation   total 554396K, used 314039K [0x23a00000, 0x45767000, 0x62200000)
   the space 554396K,  56% used [0x23a00000, 0x36cadf10, 0x36cae000, 0x45767000)
 Metaspace       used 16621K, capacity 16811K, committed 17024K, reserved 17792K
}
Event: 235.277 GC heap before
{Heap before GC invocations=14 (full 3):
 def new generation   total 249536K, used 219921K [0x04600000, 0x154c0000, 0x23a00000)
  eden space 221824K,  99% used [0x04600000, 0x11cc4660, 0x11ea0000)
  from space 27712K,   0% used [0x11ea0000, 0x11ea0000, 0x139b0000)
  to   space 27712K,   0% used [0x139b0000, 0x139b0000, 0x154c0000)
 tenured generation   total 554396K, used 314039K [0x23a00000, 0x45767000, 0x62200000)
   the space 554396K,  56% used [0x23a00000, 0x36cadf10, 0x36cae000, 0x45767000)
 Metaspace       used 16621K, capacity 16811K, committed 17024K, reserved 17792K
Event: 235.374 GC heap after
Heap after GC invocations=15 (full 3):
 def new generation   total 249536K, used 27712K [0x04600000, 0x154c0000, 0x23a00000)
  eden space 221824K,   0% used [0x04600000, 0x04600000, 0x11ea0000)
  from space 27712K, 100% used [0x139b0000, 0x154c0000, 0x154c0000)
  to   space 27712K,   0% used [0x11ea0000, 0x11ea0000, 0x139b0000)
 tenured generation   total 554396K, used 328793K [0x23a00000, 0x45767000, 0x62200000)
   the space 554396K,  59% used [0x23a00000, 0x37b165a0, 0x37b16600, 0x45767000)
 Metaspace       used 16621K, capacity 16811K, committed 17024K, reserved 17792K
}

